<?xml version="1.0" encoding="UTF-8"?>
<testng-results ignored="0" total="1" passed="1" failed="0" skipped="0">
  <reporter-output>
  </reporter-output>
  <suite started-at="2023-12-27T21:29:41 EET" name="Default suite" finished-at="2023-12-27T21:29:48 EET" duration-ms="6957">
    <groups>
    </groups>
    <test started-at="2023-12-27T21:29:41 EET" name="Default test" finished-at="2023-12-27T21:29:48 EET" duration-ms="6957">
      <class name="com.qa.TN.Testcases.HomepageTest">
        <test-method is-config="true" signature="setup()[pri:0, instance:com.qa.TN.Testcases.HomepageTest@5e600dd5]" started-at="2023-12-27T21:29:41 EET" name="setup" finished-at="2023-12-27T21:29:46 EET" duration-ms="4896" status="PASS">
          <reporter-output>
          </reporter-output>
        </test-method> <!-- setup -->
        <test-method signature="homepageLinksVerifaction()[pri:0, instance:com.qa.TN.Testcases.HomepageTest@5e600dd5]" started-at="2023-12-27T21:29:46 EET" name="homepageLinksVerifaction" finished-at="2023-12-27T21:29:48 EET" duration-ms="2030" status="PASS">
          <reporter-output>
          </reporter-output>
        </test-method> <!-- homepageLinksVerifaction -->
      </class> <!-- com.qa.TN.Testcases.HomepageTest -->
    </test> <!-- Default test -->
  </suite> <!-- Default suite -->
</testng-results>
